\BOOKMARK [1][]{section.1}{Introduction}{}% 1
\BOOKMARK [1][]{section.2}{Model A: Search for possible reaches to build dams}{}% 2
\BOOKMARK [2][]{subsection.2.1}{Description}{section.2}% 3
\BOOKMARK [2][]{subsection.2.2}{Analysis}{section.2}% 4
\BOOKMARK [2][]{subsection.2.3}{Model Building}{section.2}% 5
\BOOKMARK [1][]{section.3}{Model A : Search for possible location to build dams }{}% 6
\BOOKMARK [1][]{section.4}{Select Candidate Dam Site Regions}{}% 7
\BOOKMARK [2][]{subsection.4.1}{Model Validation}{section.4}% 8
\BOOKMARK [2][]{subsection.4.2}{Result}{section.4}% 9
\BOOKMARK [1][]{section.5}{Model B : The Best Arrangement}{}% 10
\BOOKMARK [2][]{subsection.5.1}{Description}{section.5}% 11
\BOOKMARK [2][]{subsection.5.2}{Analysis and Assumptions}{section.5}% 12
\BOOKMARK [2][]{subsection.5.3}{Model Building}{section.5}% 13
\BOOKMARK [2][]{subsection.5.4}{Optimization}{section.5}% 14
\BOOKMARK [2][]{subsection.5.5}{Sensitivity Analysis}{section.5}% 15
\BOOKMARK [2][]{subsection.5.6}{Model Validation}{section.5}% 16
\BOOKMARK [2][]{subsection.5.7}{Result}{section.5}% 17
\BOOKMARK [1][]{section.6}{Strengths and weaknesses}{}% 18
\BOOKMARK [2][]{subsection.6.1}{Model A: Search for possible reaches to build dams}{section.6}% 19
\BOOKMARK [2][]{subsection.6.2}{Model B: The Best Arrangement}{section.6}% 20
\BOOKMARK [1][]{section.7}{Conclusion}{}% 21
\BOOKMARK [1][]{section.8}{Brief Assessment of the options}{}% 22
